<?xml version="1.0" encoding="UTF-8"?>
<testng-results skipped="0" failed="0" total="1" passed="1">
  <reporter-output>
  </reporter-output>
  <suite name="Default suite" duration-ms="30" started-at="2017-03-07T07:14:01Z" finished-at="2017-03-07T07:14:01Z">
    <groups>
    </groups>
    <test name="Default test" duration-ms="30" started-at="2017-03-07T07:14:01Z" finished-at="2017-03-07T07:14:01Z">
      <class name="seleniumfile.Newfile">
        <test-method status="PASS" signature="profile()[pri:0, instance:seleniumfile.Newfile@1d251891]" name="profile" duration-ms="13" started-at="2017-03-07T12:44:01Z" finished-at="2017-03-07T12:44:01Z">
          <reporter-output>
          </reporter-output>
        </test-method> <!-- profile -->
      </class> <!-- seleniumfile.Newfile -->
    </test> <!-- Default test -->
  </suite> <!-- Default suite -->
</testng-results>
