<?xml version="1.0" encoding="UTF-8"?>
<!-- Generated by org.testng.reporters.JUnitXMLReporter -->
<testsuite hostname="Qsp-tyy-24-PC" name="Test" tests="5" failures="0" timestamp="12 Apr 2016 04:20:44 GMT" time="42.23" errors="0">
  <testcase name="createUserTest" time="8.829" classname="com.acttime.usertest.UserTest"/>
  <testcase name="modifyUSerTest" time="7.862" classname="com.acttime.usertest.UserTest"/>
  <testcase name="createReportTest" time="0.0" classname="com.actime.reporttest.ReportTest"/>
  <testcase name="deleteReportTest" time="0.0" classname="com.actime.reporttest.ReportTest"/>
  <testcase name="modifyReportTest" time="0.0" classname="com.actime.reporttest.ReportTest"/>
</testsuite> <!-- Test -->
